#
# A fatal error has been detected by the Java Runtime Environment:
#
#  EXCEPTION_ACCESS_VIOLATION (0xc0000005) at pc=0x0000000057355e79, pid=10076, tid=10612
#
# JRE version: Java(TM) SE Runtime Environment (8.0_91-b14) (build 1.8.0_91-b14)
# Java VM: Java HotSpot(TM) 64-Bit Server VM (25.91-b14 mixed mode windows-amd64 compressed oops)
# Problematic frame:
# V  [jvm.dll+0x485e79]
#
# Failed to write core dump. Minidumps are not enabled by default on client versions of Windows
#
# If you would like to submit a bug report, please visit:
#   http://bugreport.java.com/bugreport/crash.jsp
#

---------------  T H R E A D  ---------------

Current thread (0x0000000017bfe800):  JavaThread "C2 CompilerThread0" daemon [_thread_in_native, id=10612, stack(0x0000000019ad0000,0x0000000019bd0000)]

siginfo: ExceptionCode=0xc0000005, reading address 0xffffffffffffffff

Registers:
RAX=0x440000005752fd58, RBX=0x0000000000000001, RCX=0x000000001b8201a8, RDX=0x000000001a3be900
RSP=0x0000000019bcc560, RBP=0x0000000019bcc5b8, RSI=0x0000000000000000, RDI=0xffffffffffffffff
R8 =0x000000000000008a, R9 =0x0000000000004000, R10=0x000000001c7f6e58, R11=0x000000001c7f6e90
R12=0x000000001b8201a8, R13=0x0000000019bcc770, R14=0x0000000019bcc658, R15=0x0000000000000000
RIP=0x0000000057355e79, EFLAGS=0x0000000000010246

Top of Stack: (sp=0x0000000019bcc560)
0x0000000019bcc560:   0000000019bcc770 000000001b81faf0
0x0000000019bcc570:   0000000000000001 0000000019bcc5b8
0x0000000019bcc580:   000026a00000031a 0000000000000000
0x0000000019bcc590:   0000000000000007 000000001fab4a70
0x0000000019bcc5a0:   0000000017b970c0 000000001c96db00
0x0000000019bcc5b0:   000000001c9701f8 000000001c968210
0x0000000019bcc5c0:   0000000019bcc659 0000000057356d1c
0x0000000019bcc5d0:   0000000019bcc770 000000000000020a
0x0000000019bcc5e0:   0000000017b970c0 00000000191cb000
0x0000000019bcc5f0:   0000000000000003 000000001a4eeeb8
0x0000000019bcc600:   0000000000000000 0000000000000000
0x0000000019bcc610:   0000000000000000 0000000000000000
0x0000000019bcc620:   0000000000000000 0000000000000000
0x0000000019bcc630:   0000000000000000 0000000057357a17
0x0000000019bcc640:   0000000019bcc690 00000000191cb000
0x0000000019bcc650:   0000000000000003 000000005753f2e8 

Instructions: (pc=0x0000000057355e79)
0x0000000057355e59:   cb 41 d3 e1 8b 0c 82 8b c1 41 0b c9 41 23 c1 42
0x0000000057355e69:   89 0c 82 0f 85 7d 01 00 00 49 8b 04 24 49 8b cc
0x0000000057355e79:   ff 90 b0 00 00 00 84 c0 74 6f 41 8b 44 24 28 41
0x0000000057355e89:   3b 45 58 73 0c 8b c8 49 8b 45 68 4c 39 3c c8 75 


Register to memory mapping:

RAX=0x440000005752fd58 is an unknown value
RBX=0x0000000000000001 is an unknown value
RCX=0x000000001b8201a8 is an unknown value
RDX=0x000000001a3be900 is an unknown value
RSP=0x0000000019bcc560 is pointing into the stack for thread: 0x0000000017bfe800
RBP=0x0000000019bcc5b8 is pointing into the stack for thread: 0x0000000017bfe800
RSI=0x0000000000000000 is an unknown value
RDI=0xffffffffffffffff is an unknown value
R8 =0x000000000000008a is an unknown value
R9 =0x0000000000004000 is an unknown value
R10=0x000000001c7f6e58 is an unknown value
R11=0x000000001c7f6e90 is an unknown value
R12=0x000000001b8201a8 is an unknown value
R13=0x0000000019bcc770 is pointing into the stack for thread: 0x0000000017bfe800
R14=0x0000000019bcc658 is pointing into the stack for thread: 0x0000000017bfe800
R15=0x0000000000000000 is an unknown value


Stack: [0x0000000019ad0000,0x0000000019bd0000],  sp=0x0000000019bcc560,  free space=1009k
Native frames: (J=compiled Java code, j=interpreted, Vv=VM code, C=native code)
V  [jvm.dll+0x485e79]
V  [jvm.dll+0x486d1c]
V  [jvm.dll+0x487c9a]
V  [jvm.dll+0x46f47c]
V  [jvm.dll+0x471b72]
V  [jvm.dll+0x454ce2]
V  [jvm.dll+0xa4be2]
V  [jvm.dll+0xa551f]
V  [jvm.dll+0x243ae4]
V  [jvm.dll+0x29a99a]
C  [msvcr100.dll+0x21d9f]
C  [msvcr100.dll+0x21e3b]
C  [KERNEL32.DLL+0x12774]
C  [ntdll.dll+0x70d51]


Current CompileTask:
C2:   7165 3373   !   4       javassist.CtClassType::getMethod0 (156 bytes)


---------------  P R O C E S S  ---------------

Java Threads: ( => current thread )
  0x000000001ebad800 JavaThread "Abandoned connection cleanup thread" daemon [_thread_blocked, id=3272, stack(0x0000000020820000,0x0000000020920000)]
  0x000000001b16a000 JavaThread "container-0" [_thread_blocked, id=13848, stack(0x0000000020520000,0x0000000020620000)]
  0x000000001b0b0800 JavaThread "ContainerBackgroundProcessor[StandardEngine[Tomcat]]" daemon [_thread_blocked, id=4048, stack(0x0000000020420000,0x0000000020520000)]
  0x000000001ff81800 JavaThread "localhost-startStop-1" daemon [_thread_blocked, id=12136, stack(0x000000001f280000,0x000000001f380000)]
  0x000000001f480800 JavaThread "Tomcat-startStop-1" daemon [_thread_blocked, id=13724, stack(0x000000001f180000,0x000000001f280000)]
  0x000000001a442000 JavaThread "/127.0.0.1:54914 to /127.0.0.1:54913 workers Thread 3" [_thread_in_native, id=12640, stack(0x000000001ae10000,0x000000001af10000)]
  0x000000001a523800 JavaThread "/127.0.0.1:54914 to /127.0.0.1:54913 workers Thread 2" [_thread_blocked, id=5156, stack(0x000000001ad10000,0x000000001ae10000)]
  0x000000001a500000 JavaThread "Test worker" [_thread_in_Java, id=980, stack(0x000000001a8d0000,0x000000001a9d0000)]
  0x00000000191c2000 JavaThread "Service Thread" daemon [_thread_blocked, id=4292, stack(0x0000000019dd0000,0x0000000019ed0000)]
  0x0000000017c17800 JavaThread "C1 CompilerThread2" daemon [_thread_in_vm, id=11228, stack(0x0000000019cd0000,0x0000000019dd0000)]
  0x0000000017c0d000 JavaThread "C2 CompilerThread1" daemon [_thread_in_native, id=3352, stack(0x0000000019bd0000,0x0000000019cd0000)]
=>0x0000000017bfe800 JavaThread "C2 CompilerThread0" daemon [_thread_in_native, id=10612, stack(0x0000000019ad0000,0x0000000019bd0000)]
  0x0000000017bfc800 JavaThread "Attach Listener" daemon [_thread_blocked, id=8028, stack(0x00000000199d0000,0x0000000019ad0000)]
  0x0000000019152800 JavaThread "Signal Dispatcher" daemon [_thread_blocked, id=7804, stack(0x00000000198d0000,0x00000000199d0000)]
  0x00000000030ab000 JavaThread "Finalizer" daemon [_thread_blocked, id=9744, stack(0x0000000018e20000,0x0000000018f20000)]
  0x00000000030a0000 JavaThread "Reference Handler" daemon [_thread_blocked, id=8256, stack(0x0000000018d20000,0x0000000018e20000)]
  0x000000000121e000 JavaThread "main" [_thread_blocked, id=13784, stack(0x00000000016b0000,0x00000000017b0000)]

Other Threads:
  0x0000000017b98000 VMThread [stack: 0x0000000018c20000,0x0000000018d20000] [id=12380]
  0x0000000019250800 WatcherThread [stack: 0x0000000019ed0000,0x0000000019fd0000] [id=2352]

VM state:not at safepoint (normal execution)

VM Mutex/Monitor currently owned by a thread: None

Heap:
 PSYoungGen      total 135168K, used 61567K [0x00000000d6000000, 0x00000000e2880000, 0x0000000100000000)
  eden space 123904K, 41% used [0x00000000d6000000,0x00000000d92ac5f0,0x00000000dd900000)
  from space 11264K, 85% used [0x00000000dd900000,0x00000000de273928,0x00000000de400000)
  to   space 12288K, 0% used [0x00000000e1c80000,0x00000000e1c80000,0x00000000e2880000)
 ParOldGen       total 57344K, used 9244K [0x0000000082000000, 0x0000000085800000, 0x00000000d6000000)
  object space 57344K, 16% used [0x0000000082000000,0x00000000829073d8,0x0000000085800000)
 Metaspace       used 32270K, capacity 32650K, committed 32896K, reserved 1077248K
  class space    used 4008K, capacity 4136K, committed 4224K, reserved 1048576K

Card table byte_map: [0x0000000012470000,0x0000000012870000] byte_map_base: 0x0000000012060000

Marking Bits: (ParMarkBitMap*) 0x00000000576e2f70
 Begin Bits: [0x0000000012f10000, 0x0000000014e90000)
 End Bits:   [0x0000000014e90000, 0x0000000016e10000)

Polling page: 0x00000000017b0000

CodeCache: size=245760Kb used=11997Kb max_used=11997Kb free=233762Kb
 bounds [0x00000000030b0000, 0x0000000003c80000, 0x00000000120b0000]
 total_blobs=3654 nmethods=3214 adapters=352
 compilation: enabled

Compilation events (10 events):
Event: 6.959 Thread 0x0000000017c17800 nmethod 3478 0x0000000003c2db10 code [0x0000000003c2dc80, 0x0000000003c2dde8]
Event: 6.959 Thread 0x0000000017c17800 3479       2       sun.reflect.annotation.AnnotatedTypeFactory::isArray (35 bytes)
Event: 6.960 Thread 0x0000000017c17800 nmethod 3479 0x0000000003c2ded0 code [0x0000000003c2e040, 0x0000000003c2e2a8]
Event: 6.960 Thread 0x0000000017c17800 3480       2       org.hibernate.validator.internal.util.CollectionHelper::newHashMap (8 bytes)
Event: 6.960 Thread 0x0000000017c17800 nmethod 3480 0x0000000003c2e390 code [0x0000000003c2e4e0, 0x0000000003c2e670]
Event: 6.961 Thread 0x0000000017c17800 3481       2       java.lang.reflect.Modifier::isSynthetic (14 bytes)
Event: 6.961 Thread 0x0000000017c17800 nmethod 3481 0x0000000003c2e710 code [0x0000000003c2e860, 0x0000000003c2e9b0]
Event: 6.961 Thread 0x0000000017c17800 3482       2       org.hibernate.validator.internal.metadata.core.AnnotationProcessingOptionsImpl::areAllConstraintAnnotationsIgnoredFor (38 bytes)
Event: 6.961 Thread 0x0000000017c17800 nmethod 3482 0x0000000003c2ea10 code [0x0000000003c2eb80, 0x0000000003c2edb8]
Event: 6.961 Thread 0x0000000017c17800 3484       2       org.hibernate.validator.internal.metadata.core.AnnotationProcessingOptionsImpl::areMemberConstraintsIgnoredFor (43 bytes)

GC Heap History (10 events):
Event: 2.644 GC heap before
{Heap before GC invocations=4 (full 0):
 PSYoungGen      total 37888K, used 37885K [0x00000000d6000000, 0x00000000daa00000, 0x0000000100000000)
  eden space 32768K, 100% used [0x00000000d6000000,0x00000000d8000000,0x00000000d8000000)
  from space 5120K, 99% used [0x00000000d8000000,0x00000000d84ff6c0,0x00000000d8500000)
  to   space 5120K, 0% used [0x00000000da500000,0x00000000da500000,0x00000000daa00000)
 ParOldGen       total 86016K, used 7650K [0x0000000082000000, 0x0000000087400000, 0x00000000d6000000)
  object space 86016K, 8% used [0x0000000082000000,0x0000000082778a98,0x0000000087400000)
 Metaspace       used 20643K, capacity 20936K, committed 20992K, reserved 1067008K
  class space    used 2642K, capacity 2762K, committed 2816K, reserved 1048576K
Event: 2.660 GC heap after
Heap after GC invocations=4 (full 0):
 PSYoungGen      total 70656K, used 5088K [0x00000000d6000000, 0x00000000daa00000, 0x0000000100000000)
  eden space 65536K, 0% used [0x00000000d6000000,0x00000000d6000000,0x00000000da000000)
  from space 5120K, 99% used [0x00000000da500000,0x00000000da9f8020,0x00000000daa00000)
  to   space 5120K, 0% used [0x00000000da000000,0x00000000da000000,0x00000000da500000)
 ParOldGen       total 86016K, used 10980K [0x0000000082000000, 0x0000000087400000, 0x00000000d6000000)
  object space 86016K, 12% used [0x0000000082000000,0x0000000082ab92f0,0x0000000087400000)
 Metaspace       used 20643K, capacity 20936K, committed 20992K, reserved 1067008K
  class space    used 2642K, capacity 2762K, committed 2816K, reserved 1048576K
}
Event: 2.721 GC heap before
{Heap before GC invocations=5 (full 0):
 PSYoungGen      total 70656K, used 11915K [0x00000000d6000000, 0x00000000daa00000, 0x0000000100000000)
  eden space 65536K, 10% used [0x00000000d6000000,0x00000000d66aad40,0x00000000da000000)
  from space 5120K, 99% used [0x00000000da500000,0x00000000da9f8020,0x00000000daa00000)
  to   space 5120K, 0% used [0x00000000da000000,0x00000000da000000,0x00000000da500000)
 ParOldGen       total 86016K, used 10980K [0x0000000082000000, 0x0000000087400000, 0x00000000d6000000)
  object space 86016K, 12% used [0x0000000082000000,0x0000000082ab92f0,0x0000000087400000)
 Metaspace       used 20948K, capacity 21224K, committed 21248K, reserved 1067008K
  class space    used 2668K, capacity 2794K, committed 2816K, reserved 1048576K
Event: 2.730 GC heap after
Heap after GC invocations=5 (full 0):
 PSYoungGen      total 70656K, used 5093K [0x00000000d6000000, 0x00000000df600000, 0x0000000100000000)
  eden space 65536K, 0% used [0x00000000d6000000,0x00000000d6000000,0x00000000da000000)
  from space 5120K, 99% used [0x00000000da000000,0x00000000da4f9428,0x00000000da500000)
  to   space 11264K, 0% used [0x00000000deb00000,0x00000000deb00000,0x00000000df600000)
 ParOldGen       total 86016K, used 11463K [0x0000000082000000, 0x0000000087400000, 0x00000000d6000000)
  object space 86016K, 13% used [0x0000000082000000,0x0000000082b31fb8,0x0000000087400000)
 Metaspace       used 20948K, capacity 21224K, committed 21248K, reserved 1067008K
  class space    used 2668K, capacity 2794K, committed 2816K, reserved 1048576K
}
Event: 2.730 GC heap before
{Heap before GC invocations=6 (full 1):
 PSYoungGen      total 70656K, used 5093K [0x00000000d6000000, 0x00000000df600000, 0x0000000100000000)
  eden space 65536K, 0% used [0x00000000d6000000,0x00000000d6000000,0x00000000da000000)
  from space 5120K, 99% used [0x00000000da000000,0x00000000da4f9428,0x00000000da500000)
  to   space 11264K, 0% used [0x00000000deb00000,0x00000000deb00000,0x00000000df600000)
 ParOldGen       total 86016K, used 11463K [0x0000000082000000, 0x0000000087400000, 0x00000000d6000000)
  object space 86016K, 13% used [0x0000000082000000,0x0000000082b31fb8,0x0000000087400000)
 Metaspace       used 20948K, capacity 21224K, committed 21248K, reserved 1067008K
  class space    used 2668K, capacity 2794K, committed 2816K, reserved 1048576K
Event: 2.774 GC heap after
Heap after GC invocations=6 (full 1):
 PSYoungGen      total 70656K, used 0K [0x00000000d6000000, 0x00000000df600000, 0x0000000100000000)
  eden space 65536K, 0% used [0x00000000d6000000,0x00000000d6000000,0x00000000da000000)
  from space 5120K, 0% used [0x00000000da000000,0x00000000da000000,0x00000000da500000)
  to   space 11264K, 0% used [0x00000000deb00000,0x00000000deb00000,0x00000000df600000)
 ParOldGen       total 57344K, used 9228K [0x0000000082000000, 0x0000000085800000, 0x00000000d6000000)
  object space 57344K, 16% used [0x0000000082000000,0x00000000829033d8,0x0000000085800000)
 Metaspace       used 20948K, capacity 21224K, committed 21248K, reserved 1067008K
  class space    used 2668K, capacity 2794K, committed 2816K, reserved 1048576K
}
Event: 3.735 GC heap before
{Heap before GC invocations=7 (full 1):
 PSYoungGen      total 70656K, used 65536K [0x00000000d6000000, 0x00000000df600000, 0x0000000100000000)
  eden space 65536K, 100% used [0x00000000d6000000,0x00000000da000000,0x00000000da000000)
  from space 5120K, 0% used [0x00000000da000000,0x00000000da000000,0x00000000da500000)
  to   space 11264K, 0% used [0x00000000deb00000,0x00000000deb00000,0x00000000df600000)
 ParOldGen       total 57344K, used 9228K [0x0000000082000000, 0x0000000085800000, 0x00000000d6000000)
  object space 57344K, 16% used [0x0000000082000000,0x00000000829033d8,0x0000000085800000)
 Metaspace       used 23700K, capacity 23978K, committed 24192K, reserved 1071104K
  class space    used 3036K, capacity 3132K, committed 3200K, reserved 1048576K
Event: 3.745 GC heap after
Heap after GC invocations=7 (full 1):
 PSYoungGen      total 114688K, used 4077K [0x00000000d6000000, 0x00000000def00000, 0x0000000100000000)
  eden space 110592K, 0% used [0x00000000d6000000,0x00000000d6000000,0x00000000dcc00000)
  from space 4096K, 99% used [0x00000000deb00000,0x00000000deefb468,0x00000000def00000)
  to   space 11264K, 0% used [0x00000000dd900000,0x00000000dd900000,0x00000000de400000)
 ParOldGen       total 57344K, used 9236K [0x0000000082000000, 0x0000000085800000, 0x00000000d6000000)
  object space 57344K, 16% used [0x0000000082000000,0x00000000829053d8,0x0000000085800000)
 Metaspace       used 23700K, capacity 23978K, committed 24192K, reserved 1071104K
  class space    used 3036K, capacity 3132K, committed 3200K, reserved 1048576K
}
Event: 6.129 GC heap before
{Heap before GC invocations=8 (full 1):
 PSYoungGen      total 114688K, used 114669K [0x00000000d6000000, 0x00000000def00000, 0x0000000100000000)
  eden space 110592K, 100% used [0x00000000d6000000,0x00000000dcc00000,0x00000000dcc00000)
  from space 4096K, 99% used [0x00000000deb00000,0x00000000deefb468,0x00000000def00000)
  to   space 11264K, 0% used [0x00000000dd900000,0x00000000dd900000,0x00000000de400000)
 ParOldGen       total 57344K, used 9236K [0x0000000082000000, 0x0000000085800000, 0x00000000d6000000)
  object space 57344K, 16% used [0x0000000082000000,0x00000000829053d8,0x0000000085800000)
 Metaspace       used 29212K, capacity 29588K, committed 29824K, reserved 1075200K
  class space    used 3701K, capacity 3843K, committed 3968K, reserved 1048576K
Event: 6.145 GC heap after
Heap after GC invocations=8 (full 1):
 PSYoungGen      total 135168K, used 9678K [0x00000000d6000000, 0x00000000e2880000, 0x0000000100000000)
  eden space 123904K, 0% used [0x00000000d6000000,0x00000000d6000000,0x00000000dd900000)
  from space 11264K, 85% used [0x00000000dd900000,0x00000000de273928,0x00000000de400000)
  to   space 12288K, 0% used [0x00000000e1c80000,0x00000000e1c80000,0x00000000e2880000)
 ParOldGen       total 57344K, used 9244K [0x0000000082000000, 0x0000000085800000, 0x00000000d6000000)
  object space 57344K, 16% used [0x0000000082000000,0x00000000829073d8,0x0000000085800000)
 Metaspace       used 29212K, capacity 29588K, committed 29824K, reserved 1075200K
  class space    used 3701K, capacity 3843K, committed 3968K, reserved 1048576K
}

Deoptimization events (10 events):
Event: 6.286 Thread 0x000000001a500000 Uncommon trap: reason=class_check action=maybe_recompile pc=0x0000000003558898 method=java.util.regex.Matcher.search(I)Z @ 86
Event: 6.286 Thread 0x000000001a500000 Uncommon trap: reason=class_check action=maybe_recompile pc=0x0000000003558898 method=java.util.regex.Matcher.search(I)Z @ 86
Event: 6.345 Thread 0x000000001a500000 Uncommon trap: reason=class_check action=maybe_recompile pc=0x0000000003558898 method=java.util.regex.Matcher.search(I)Z @ 86
Event: 6.406 Thread 0x000000001a500000 Uncommon trap: reason=unstable_if action=reinterpret pc=0x0000000003756acc method=java.util.HashMap.putVal(ILjava/lang/Object;Ljava/lang/Object;ZZ)Ljava/lang/Object; @ 162
Event: 6.406 Thread 0x000000001a500000 Uncommon trap: reason=unstable_if action=reinterpret pc=0x0000000003477c68 method=java.util.HashMap.getNode(ILjava/lang/Object;)Ljava/util/HashMap$Node; @ 84
Event: 6.407 Thread 0x000000001a500000 Uncommon trap: reason=unstable_if action=reinterpret pc=0x00000000032f70d8 method=java.util.HashMap.getNode(ILjava/lang/Object;)Ljava/util/HashMap$Node; @ 84
Event: 6.409 Thread 0x000000001a500000 Uncommon trap: reason=unstable_if action=reinterpret pc=0x00000000034a39ec method=java.util.HashMap.putVal(ILjava/lang/Object;Ljava/lang/Object;ZZ)Ljava/lang/Object; @ 109
Event: 6.418 Thread 0x000000001a500000 Uncommon trap: reason=unstable_if action=reinterpret pc=0x00000000034b94f4 method=java.util.HashMap.resize()[Ljava/util/HashMap$Node; @ 206
Event: 6.454 Thread 0x000000001a500000 Uncommon trap: reason=unstable_if action=reinterpret pc=0x00000000033f5158 method=javassist.bytecode.MethodInfo.getName()Ljava/lang/String; @ 4
Event: 6.892 Thread 0x000000001a500000 Uncommon trap: reason=unstable_if action=reinterpret pc=0x000000000330916c method=java.lang.AbstractStringBuilder.append(Ljava/lang/String;)Ljava/lang/AbstractStringBuilder; @ 1

Internal exceptions (10 events):
Event: 6.215 Thread 0x000000001a500000 Exception <a 'java/lang/ClassNotFoundException': org/springframework/context/EnvironmentAwareCustomizer> (0x00000000d64e08e0) thrown at [C:\re\workspace\8-2-build-windows-amd64-cygwin\jdk8u91\6644\hotspot\src\share\vm\classfile\systemDictionary.cpp, line 2|_7~Ý@
Event: 6.216 Thread 0x000000001a500000 Exception <a 'java/lang/ClassNotFoundException': org/springframework/beans/factory/InitializingBeanCustomizer> (0x00000000d64f7dd8) thrown at [C:\re\workspace\8-2-build-windows-amd64-cygwin\jdk8u91\6644\hotspot\src\share\vm\classfile\systemDictionary.cpp, LÃZÊz@
Event: 6.869 Thread 0x000000001a500000 Exception <a 'java/lang/ClassNotFoundException': java/lang/ObjectCustomizer> (0x00000000d7f4b8e0) thrown at [C:\re\workspace\8-2-build-windows-amd64-cygwin\jdk8u91\6644\hotspot\src\share\vm\classfile\systemDictionary.cpp, line 210]
Event: 6.871 Thread 0x000000001a500000 Exception <a 'java/lang/ClassNotFoundException': com/zaxxer/hikari/AbstractHikariConfigCustomizer> (0x00000000d7f633c8) thrown at [C:\re\workspace\8-2-build-windows-amd64-cygwin\jdk8u91\6644\hotspot\src\share\vm\classfile\systemDictionary.cpp, line 210]
Event: 6.874 Thread 0x000000001a500000 Exception <a 'java/lang/ClassNotFoundException': com/zaxxer/hikari/HikariConfigCustomizer> (0x00000000d7fc47d8) thrown at [C:\re\workspace\8-2-build-windows-amd64-cygwin\jdk8u91\6644\hotspot\src\share\vm\classfile\systemDictionary.cpp, line 210]
Event: 6.876 Thread 0x000000001a500000 Exception <a 'java/lang/ClassNotFoundException': com/zaxxer/hikari/HikariDataSourceCustomizer> (0x00000000d7fdfcb8) thrown at [C:\re\workspace\8-2-build-windows-amd64-cygwin\jdk8u91\6644\hotspot\src\share\vm\classfile\systemDictionary.cpp, line 210]
Event: 6.878 Thread 0x000000001a500000 Exception <a 'java/lang/ClassNotFoundException': javax/sql/DataSourceCustomizer> (0x00000000d8021e38) thrown at [C:\re\workspace\8-2-build-windows-amd64-cygwin\jdk8u91\6644\hotspot\src\share\vm\classfile\systemDictionary.cpp, line 210]
Event: 6.879 Thread 0x000000001a500000 Exception <a 'java/lang/ClassNotFoundException': java/io/CloseableCustomizer> (0x00000000d802c3d0) thrown at [C:\re\workspace\8-2-build-windows-amd64-cygwin\jdk8u91\6644\hotspot\src\share\vm\classfile\systemDictionary.cpp, line 210]
Event: 6.880 Thread 0x000000001a500000 Exception <a 'java/lang/ClassNotFoundException': com/zaxxer/hikari/HikariConfigMBeanCustomizer> (0x00000000d80404e8) thrown at [C:\re\workspace\8-2-build-windows-amd64-cygwin\jdk8u91\6644\hotspot\src\share\vm\classfile\systemDictionary.cpp, line 210]
Event: 6.892 Thread 0x000000001a500000 Implicit null exception at 0x0000000003308e16 to 0x0000000003309155

Events (10 events):
Event: 6.947 loading class javax/validation/GroupSequence
Event: 6.947 loading class javax/validation/GroupSequence done
Event: 6.948 loading class org/hibernate/validator/group/GroupSequenceProvider
Event: 6.948 loading class org/hibernate/validator/group/GroupSequenceProvider done
Event: 6.948 loading class org/hibernate/validator/internal/util/ConcurrentReferenceHashMap$SoftKeyReference
Event: 6.948 loading class org/hibernate/validator/internal/util/ConcurrentReferenceHashMap$SoftKeyReference done
Event: 6.949 loading class org/hibernate/validator/internal/util/ConcurrentReferenceHashMap$KeyReference
Event: 6.949 loading class org/hibernate/validator/internal/util/ConcurrentReferenceHashMap$KeyReference done
Event: 6.950 loading class org/hibernate/validator/internal/util/ConcurrentReferenceHashMap$SoftValueReference
Event: 6.950 loading class org/hibernate/validator/internal/util/ConcurrentReferenceHashMap$SoftValueReference done


Dynamic libraries:
0x00007ff7165f0000 - 0x00007ff716627000 	C:\Program Files\Java\jdk1.8.0_91\bin\java.exe
0x00007ff912ef0000 - 0x00007ff9130cb000 	C:\WINDOWS\SYSTEM32\ntdll.dll
0x00007ff910840000 - 0x00007ff9108ee000 	C:\WINDOWS\System32\KERNEL32.DLL
0x00007ff90ff70000 - 0x00007ff9101b9000 	C:\WINDOWS\System32\KERNELBASE.dll
0x00007ff911010000 - 0x00007ff9110b1000 	C:\WINDOWS\System32\ADVAPI32.dll
0x00007ff910f70000 - 0x00007ff91100d000 	C:\WINDOWS\System32\msvcrt.dll
0x00007ff9107e0000 - 0x00007ff910839000 	C:\WINDOWS\System32\sechost.dll
0x00007ff911980000 - 0x00007ff911aa5000 	C:\WINDOWS\System32\RPCRT4.dll
0x00007ff9110c0000 - 0x00007ff91120a000 	C:\WINDOWS\System32\USER32.dll
0x00007ff910430000 - 0x00007ff91044e000 	C:\WINDOWS\System32\win32u.dll
0x00007ff910aa0000 - 0x00007ff910ac7000 	C:\WINDOWS\System32\GDI32.dll
0x00007ff90fc10000 - 0x00007ff90fd97000 	C:\WINDOWS\System32\gdi32full.dll
0x00007ff910390000 - 0x00007ff91042a000 	C:\WINDOWS\System32\msvcp_win.dll
0x00007ff90fb10000 - 0x00007ff90fc06000 	C:\WINDOWS\System32\ucrtbase.dll
0x00007ff9084b0000 - 0x00007ff908717000 	C:\WINDOWS\WinSxS\amd64_microsoft.windows.common-controls_6595b64144ccf1df_6.0.15063.483_none_26002d27e7c744a2\COMCTL32.dll
0x00007ff910450000 - 0x00007ff910749000 	C:\WINDOWS\System32\combase.dll
0x00007ff90feb0000 - 0x00007ff90ff1a000 	C:\WINDOWS\System32\bcryptPrimitives.dll
0x00007ff910750000 - 0x00007ff91077d000 	C:\WINDOWS\System32\IMM32.DLL
0x0000000057770000 - 0x0000000057842000 	C:\Program Files\Java\jdk1.8.0_91\jre\bin\msvcr100.dll
0x0000000056ed0000 - 0x0000000057763000 	C:\Program Files\Java\jdk1.8.0_91\jre\bin\server\jvm.dll
0x00007ff910a90000 - 0x00007ff910a98000 	C:\WINDOWS\System32\PSAPI.DLL
0x00007ff90d850000 - 0x00007ff90d873000 	C:\WINDOWS\SYSTEM32\WINMM.dll
0x00007ff904b20000 - 0x00007ff904b29000 	C:\WINDOWS\SYSTEM32\WSOCK32.dll
0x00007ff907540000 - 0x00007ff90754a000 	C:\WINDOWS\SYSTEM32\VERSION.dll
0x00007ff9112e0000 - 0x00007ff91134c000 	C:\WINDOWS\System32\WS2_32.dll
0x00007ff90d820000 - 0x00007ff90d84b000 	C:\WINDOWS\SYSTEM32\WINMMBASE.dll
0x00007ff90ff20000 - 0x00007ff90ff69000 	C:\WINDOWS\System32\cfgmgr32.dll
0x000000005c460000 - 0x000000005c46f000 	C:\Program Files\Java\jdk1.8.0_91\jre\bin\verify.dll
0x0000000056ea0000 - 0x0000000056ec9000 	C:\Program Files\Java\jdk1.8.0_91\jre\bin\java.dll
0x0000000056e80000 - 0x0000000056e96000 	C:\Program Files\Java\jdk1.8.0_91\jre\bin\zip.dll
0x00007ff911ab0000 - 0x00007ff912ee7000 	C:\WINDOWS\System32\SHELL32.dll
0x00007ff910b30000 - 0x00007ff910bda000 	C:\WINDOWS\System32\shcore.dll
0x00007ff90f410000 - 0x00007ff90fb01000 	C:\WINDOWS\System32\windows.storage.dll
0x00007ff910780000 - 0x00007ff9107d1000 	C:\WINDOWS\System32\shlwapi.dll
0x00007ff90f360000 - 0x00007ff90f371000 	C:\WINDOWS\System32\kernel.appcore.dll
0x00007ff90f3a0000 - 0x00007ff90f3ec000 	C:\WINDOWS\System32\powrprof.dll
0x00007ff90f380000 - 0x00007ff90f395000 	C:\WINDOWS\System32\profapi.dll
0x0000000056e60000 - 0x0000000056e7a000 	C:\Program Files\Java\jdk1.8.0_91\jre\bin\net.dll
0x00007ff90ec70000 - 0x00007ff90eccc000 	C:\WINDOWS\system32\mswsock.dll
0x0000000056e40000 - 0x0000000056e51000 	C:\Program Files\Java\jdk1.8.0_91\jre\bin\nio.dll
0x00007ff90ee20000 - 0x00007ff90ee37000 	C:\WINDOWS\SYSTEM32\CRYPTSP.dll
0x00007ff90e890000 - 0x00007ff90e8c4000 	C:\WINDOWS\system32\rsaenh.dll
0x00007ff90f2a0000 - 0x00007ff90f2c5000 	C:\WINDOWS\SYSTEM32\bcrypt.dll
0x00007ff90f230000 - 0x00007ff90f259000 	C:\WINDOWS\SYSTEM32\USERENV.dll
0x00007ff90ee10000 - 0x00007ff90ee1b000 	C:\WINDOWS\SYSTEM32\CRYPTBASE.dll
0x0000000056e30000 - 0x0000000056e3d000 	C:\Program Files\Java\jdk1.8.0_91\jre\bin\management.dll
0x00007ff8ff370000 - 0x00007ff8ff386000 	C:\WINDOWS\system32\napinsp.dll
0x00007ff8ff2b0000 - 0x00007ff8ff2ca000 	C:\WINDOWS\system32\pnrpnsp.dll
0x00007ff90c9b0000 - 0x00007ff90c9c8000 	C:\WINDOWS\system32\NLAapi.dll
0x00007ff90ea60000 - 0x00007ff90eb04000 	C:\WINDOWS\SYSTEM32\DNSAPI.dll
0x00007ff9112b0000 - 0x00007ff9112b8000 	C:\WINDOWS\System32\NSI.dll
0x00007ff90ea10000 - 0x00007ff90ea47000 	C:\WINDOWS\SYSTEM32\IPHLPAPI.DLL
0x00007ff9020d0000 - 0x00007ff9020de000 	C:\WINDOWS\System32\winrnr.dll
0x00007ff903ff0000 - 0x00007ff903ffa000 	C:\Windows\System32\rasadhlp.dll
0x00007ff908a50000 - 0x00007ff908abb000 	C:\WINDOWS\System32\fwpuclnt.dll
0x00007ff908e60000 - 0x00007ff908e76000 	C:\WINDOWS\SYSTEM32\dhcpcsvc6.DLL
0x00007ff9095a0000 - 0x00007ff9095ba000 	C:\WINDOWS\SYSTEM32\dhcpcsvc.DLL
0x00007ff902fe0000 - 0x00007ff903189000 	C:\WINDOWS\SYSTEM32\dbghelp.dll

VM Arguments:
jvm_args: -Djava.security.manager=worker.org.gradle.process.internal.worker.child.BootstrapSecurityManager -Dorg.gradle.native=false -Dfile.encoding=windows-1252 -Duser.country=US -Duser.language=en -Duser.variant -ea 
java_command: worker.org.gradle.process.internal.worker.GradleWorkerMain 'Gradle Test Executor 5'
java_class_path (initial): C:\Users\Praveen\.gradle\caches\4.0\workerMain\gradle-worker.jar
Launcher Type: SUN_STANDARD

Environment Variables:
JAVA_HOME=C:\Program Files\Java\jdk1.8.0_91
CLASSPATH=C:\Users\Praveen\workspace\pal-tracker-distributed\\gradle\wrapper\gradle-wrapper.jar
PATH=C:\Program Files\Java\jdk1.8.0_91\bin;c:\Program Files (x86)\Intel\iCLS Client\;c:\Program Files\Intel\iCLS Client\;C:\windows\system32;C:\windows;C:\windows\System32\Wbem;C:\windows\System32\WindowsPowerShell\v1.0\;C:\Program Files\Intel\Intel(R) Management Engine Components\DAL;C:\Program Files\Intel\Intel(R) Management Engine Components\IPT;C:\Program Files (x86)\Intel\Intel(R) Management Engine Components\DAL;C:\Program Files (x86)\Intel\Intel(R) Management Engine Components\IPT;C:\Program Files (x86)\Windows Live\Shared;C:\Users\Praveen\AppData\Local\Smartbar\Application\;C:\WINDOWS\system32;C:\WINDOWS;C:\WINDOWS\System32\Wbem;C:\WINDOWS\System32\WindowsPowerShell\v1.0\;C:\Program Files (x86)\Skype\Phone\;C:\Program Files\Git\cmd;C:\Program Files (x86)\nodejs\;C:\Program Files\PuTTY\;C:\Program Files\Cloud Foundry;C:\Program Files\MySQL\MySQL Utilities 1.6\;C:\Users\Praveen\bin\Sencha\Cmd\6.0.2.14/..;C:\Program Files\Java\jdk1.8.0_91\bin;C:\Program Files (x86)\Apache Software Foundation\apache-maven-3.1.0\bin;C:\Users\Praveen\Downloads\apache-maven-3.3.9-bin\apache-maven-3.3.9\bin;C:\Users\Praveen\AppData\Local\Microsoft\WindowsApps;C:\assignment\gradle-3.4.1\bin;C:\Users\Praveen\AppData\Roaming\npm;C:\Program Files\fly;C:\Program Files\MySQL\MySQL Server 5.7\bin;C:\Users\Praveen\flyway-4.2.0;
USERNAME=Praveen
OS=Windows_NT
PROCESSOR_IDENTIFIER=Intel64 Family 6 Model 58 Stepping 9, GenuineIntel



---------------  S Y S T E M  ---------------

OS: Windows 10.0 , 64 bit Build 15063 (10.0.15063.296)

CPU:total 4 (2 cores per cpu, 2 threads per core) family 6 model 58 stepping 9, cmov, cx8, fxsr, mmx, sse, sse2, sse3, ssse3, sse4.1, sse4.2, popcnt, avx, aes, clmul, erms, ht, tsc, tscinvbit, tscinv

Memory: 4k page, physical 8254744k(2465952k free), swap 13313456k(3968832k free)

vm_info: Java HotSpot(TM) 64-Bit Server VM (25.91-b14) for windows-amd64 JRE (1.8.0_91-b14), built on Apr  1 2016 00:58:32 by "java_re" with MS VC++ 10.0 (VS2010)

time: Fri Dec 08 14:11:43 2017
elapsed time: 7 seconds (0d 0h 0m 7s)

